<?xml version="1.0" encoding="UTF-8"?>
<!-- Generated by org.testng.reporters.JUnitXMLReporter -->
<testsuite ignored="0" hostname="LAPTOP-1VSQS6L8" failures="0" tests="2" name="Error Validation Test" time="22.935" errors="0" timestamp="2025-11-23T01:09:23 IST">
  <testcase classname="Stryker.com.testv1.ErrorValidation" name="ErrorValidationLogin" time="8.05"/>
  <testcase classname="Stryker.com.testv1.ErrorValidation" name="ErrorValidationproduct" time="3.528"/>
</testsuite> <!-- Error Validation Test -->
