<?xml version="1.0" encoding="UTF-8"?>
<!-- Generated by org.testng.reporters.JUnitXMLReporter -->
<testsuite ignored="0" hostname="LAPTOP-1VSQS6L8" failures="0" tests="3" name="Submit Order Test" time="31.088" errors="0" timestamp="2025-11-23T01:09:31 IST">
  <testcase classname="Stryker.com.testv1.submitOrderTest" name="submitOrder" time="5.212"/>
  <testcase classname="Stryker.com.testv1.submitOrderTest" name="submitOrder" time="4.994"/>
  <testcase classname="Stryker.com.testv1.submitOrderTest" name="OrderHistoryTest" time="0.974"/>
</testsuite> <!-- Submit Order Test -->
