<?xml version="1.0" encoding="UTF-8"?>
<!-- Generated by org.testng.reporters.JUnitReportReporter -->
<testsuite hostname="LAPTOP-1VSQS6L8" failures="0" tests="2" name="Stryker.com.testv1.ErrorValidation" time="22.870" errors="0" timestamp="2025-11-23T01:09:31 IST" skipped="0">
  <testcase classname="Stryker.com.testv1.ErrorValidation" name="ErrorValidationproduct" time="9.797"/>
  <testcase classname="Stryker.com.testv1.ErrorValidation" name="ErrorValidationLogin" time="13.073"/>
</testsuite> <!-- Stryker.com.testv1.ErrorValidation -->
