<?xml version="1.0" encoding="UTF-8"?>
<!-- Generated by org.testng.reporters.JUnitReportReporter -->
<testsuite hostname="LAPTOP-1VSQS6L8" failures="0" tests="3" name="Stryker.com.testv1.submitOrderTest" time="30.764" errors="0" timestamp="2025-11-23T01:09:31 IST" skipped="0">
  <testcase classname="Stryker.com.testv1.submitOrderTest" name="submitOrder" time="14.656"/>
  <testcase classname="Stryker.com.testv1.submitOrderTest" name="OrderHistoryTest" time="6.453"/>
  <testcase classname="Stryker.com.testv1.submitOrderTest" name="submitOrder" time="9.655"/>
</testsuite> <!-- Stryker.com.testv1.submitOrderTest -->
